<?xml version="1.0" encoding="UTF-8"?>
<testsuite time='0.000016' skipped='0' failures='0' errors='0' name="ShugoTest" assertions='1' tests='1'>
  <testcase time='0.000016' file="test/shugo_test.rb" name="test_that_it_has_a_version_number" assertions='1'>
  </testcase>
</testsuite>
